<?xml version="1.0" encoding="UTF-8"?>
<testng-results skipped="0" failed="0" ignored="0" total="1" passed="1">
  <reporter-output>
  </reporter-output>
  <suite name="Suite1" duration-ms="10762" started-at="2018-07-15T17:26:09Z" finished-at="2018-07-15T17:26:20Z">
    <groups>
    </groups>
    <test name="all-tests" duration-ms="10762" started-at="2018-07-15T17:26:09Z" finished-at="2018-07-15T17:26:20Z">
      <class name="testone.TestOne">
        <test-method status="PASS" signature="startUp()[pri:0, instance:testone.TestOne@1a6a25ad]" name="startUp" is-config="true" duration-ms="9839" started-at="2018-07-15T17:26:09Z" finished-at="2018-07-15T17:26:19Z">
          <reporter-output>
          </reporter-output>
        </test-method> <!-- startUp -->
        <test-method status="PASS" signature="testOne()[pri:0, instance:testone.TestOne@1a6a25ad]" name="testOne" duration-ms="116" started-at="2018-07-15T17:26:19Z" finished-at="2018-07-15T17:26:19Z">
          <reporter-output>
          </reporter-output>
        </test-method> <!-- testOne -->
        <test-method status="PASS" signature="tearDown()[pri:0, instance:testone.TestOne@1a6a25ad]" name="tearDown" is-config="true" duration-ms="780" started-at="2018-07-15T17:26:19Z" finished-at="2018-07-15T17:26:20Z">
          <reporter-output>
          </reporter-output>
        </test-method> <!-- tearDown -->
      </class> <!-- testone.TestOne -->
    </test> <!-- all-tests -->
  </suite> <!-- Suite1 -->
</testng-results>
